PANDORA unstrung version 1.0 (20171103_1509683821) starting at Wed Nov  8 12:34:25 2017
link found[1]: lo type=loopback (inactive new)
link found[2]: eth0 type=ether (inactive new)
link found[3]: wpan0 type=[804] (inactive new)
link found[4]: wlan0 type=ether (inactive new)
link found[5]: lowpan0 type=[825] (inactive new)
ip found[1]: lo scope=0 address=affe::1ac0:ffee:1ac0:ffee
ip found[1]: lo scope=254 address=::1
ip found[4]: wlan0 scope=0 address=fd59:caf2:e8c8:0:2453:c789:e6ab:58fb
ip found[4]: wlan0 scope=253 address=fe80::76dd:131d:c00:fd98
ip found[5]: lowpan0 scope=0 address=affe::5
ip found[5]: lowpan0 scope=253 address=fe80::1ac0:ffee:1ac0:ffee
RTNETLINK answers: File exists
unreachable affe::1ac0:ffee:1ac0:ffee dev lo  proto kernel  metric 256  error -101
affe::7a69:3776:dc31:dad2 via fe80::7a69:3776:dc31:dad2 dev lowpan0  src affe::1ac0:ffee:1ac0:ffee  metric 1024 
affe::7a6f:1375:3106:81e6 via fe80::7a6f:1375:3106:81e6 dev lowpan0  src affe::1ac0:ffee:1ac0:ffee  metric 1024 
affe::7a6f:3748:e6fe:8c2e via fe80::7a6f:3748:e6fe:8c2e dev lowpan0  src affe::1ac0:ffee:1ac0:ffee  metric 1024 
affe::7a6f:3b4b:4bab:3902 via fe80::7a6f:3b4b:4bab:3902 dev lowpan0  src affe::1ac0:ffee:1ac0:ffee  metric 1024 
affe::/64 dev lowpan0  proto kernel  metric 256 
unreachable affe::/64 dev lo  metric 1024  error -113
fd59:caf2:e8c8::/64 dev wlan0  proto kernel  metric 304  mtu 1500
fe80::/64 dev lowpan0  proto kernel  metric 256 
fe80::/64 dev wlan0  proto kernel  metric 256 
  peer '<ME>fe80::1ac0:ffee:1ac0:ffee' announces prefix: affe::/64
  adding prefix: affe::1ac0:ffee:1ac0:ffee/128 learnt from iface: lowpan0
unreachable affe::1ac0:ffee:1ac0:ffee dev lo  proto kernel  metric 256  error -101
affe::7a69:3776:dc31:dad2 via fe80::7a69:3776:dc31:dad2 dev lowpan0  src affe::1ac0:ffee:1ac0:ffee  metric 1024 
affe::7a6f:1375:3106:81e6 via fe80::7a6f:1375:3106:81e6 dev lowpan0  src affe::1ac0:ffee:1ac0:ffee  metric 1024 
affe::7a6f:3748:e6fe:8c2e via fe80::7a6f:3748:e6fe:8c2e dev lowpan0  src affe::1ac0:ffee:1ac0:ffee  metric 1024 
affe::7a6f:3b4b:4bab:3902 via fe80::7a6f:3b4b:4bab:3902 dev lowpan0  src affe::1ac0:ffee:1ac0:ffee  metric 1024 
affe::/64 dev lowpan0  proto kernel  metric 256 
unreachable affe::/64 dev lo  metric 1024  error -113
fd59:caf2:e8c8::/64 dev wlan0  proto kernel  metric 304  mtu 1500
fe80::/64 dev lowpan0  proto kernel  metric 256 
fe80::/64 dev wlan0  proto kernel  metric 256 
ip found[1]: lo scope=0 address=affe::1ac0:ffee:1ac0:ffee
picking if_index [5]
Got router solicitation from `í with 16 bytes of options
picking if_index [5]
  processing dao(30) [32/[::1500:0:1160:ed00:1500:0]: daoseq:240,dao-ack]
RTNETLINK answers: File exists
unreachable affe::1ac0:ffee:1ac0:ffee dev lo  proto kernel  metric 256  error -101
affe::7a69:3776:dc31:dad2 via fe80::7a69:3776:dc31:dad2 dev lowpan0  src affe::1ac0:ffee:1ac0:ffee  metric 1024 
affe::7a6f:1375:3106:81e6 via fe80::7a6f:1375:3106:81e6 dev lowpan0  src affe::1ac0:ffee:1ac0:ffee  metric 1024 
affe::7a6f:3748:e6fe:8c2e via fe80::7a6f:3748:e6fe:8c2e dev lowpan0  src affe::1ac0:ffee:1ac0:ffee  metric 1024 
affe::7a6f:3b4b:4bab:3902 via fe80::7a6f:3b4b:4bab:3902 dev lowpan0  src affe::1ac0:ffee:1ac0:ffee  metric 1024 
affe::/64 dev lowpan0  proto kernel  metric 256 
unreachable affe::/64 dev lo  metric 1024  error -113
fd59:caf2:e8c8::/64 dev wlan0  proto kernel  metric 304  mtu 1500
fe80::/64 dev lowpan0  proto kernel  metric 256 
fe80::/64 dev wlan0  proto kernel  metric 256 
picking if_index [5]
  processing dao(30) [32/[::1500:0:1160:ed00:1500:0]: daoseq:240,dao-ack]
RTNETLINK answers: File exists
unreachable affe::1ac0:ffee:1ac0:ffee dev lo  proto kernel  metric 256  error -101
affe::7a69:3776:dc31:dad2 via fe80::7a69:3776:dc31:dad2 dev lowpan0  src affe::1ac0:ffee:1ac0:ffee  metric 1024 
affe::7a6f:1375:3106:81e6 via fe80::7a6f:1375:3106:81e6 dev lowpan0  src affe::1ac0:ffee:1ac0:ffee  metric 1024 
affe::7a6f:3748:e6fe:8c2e via fe80::7a6f:3748:e6fe:8c2e dev lowpan0  src affe::1ac0:ffee:1ac0:ffee  metric 1024 
affe::7a6f:3b4b:4bab:3902 via fe80::7a6f:3b4b:4bab:3902 dev lowpan0  src affe::1ac0:ffee:1ac0:ffee  metric 1024 
affe::/64 dev lowpan0  proto kernel  metric 256 
unreachable affe::/64 dev lo  metric 1024  error -113
fd59:caf2:e8c8::/64 dev wlan0  proto kernel  metric 304  mtu 1500
fe80::/64 dev lowpan0  proto kernel  metric 256 
fe80::/64 dev wlan0  proto kernel  metric 256 
picking if_index [5]
  processing dao(30) [32/[::1500:0:1160:ed00:1500:0]: daoseq:240,dao-ack]
RTNETLINK answers: File exists
unreachable affe::1ac0:ffee:1ac0:ffee dev lo  proto kernel  metric 256  error -101
affe::7a69:3776:dc31:dad2 via fe80::7a69:3776:dc31:dad2 dev lowpan0  src affe::1ac0:ffee:1ac0:ffee  metric 1024 
affe::7a6f:1375:3106:81e6 via fe80::7a6f:1375:3106:81e6 dev lowpan0  src affe::1ac0:ffee:1ac0:ffee  metric 1024 
affe::7a6f:3748:e6fe:8c2e via fe80::7a6f:3748:e6fe:8c2e dev lowpan0  src affe::1ac0:ffee:1ac0:ffee  metric 1024 
affe::7a6f:3b4b:4bab:3902 via fe80::7a6f:3b4b:4bab:3902 dev lowpan0  src affe::1ac0:ffee:1ac0:ffee  metric 1024 
affe::/64 dev lowpan0  proto kernel  metric 256 
unreachable affe::/64 dev lo  metric 1024  error -113
fd59:caf2:e8c8::/64 dev wlan0  proto kernel  metric 304  mtu 1500
fe80::/64 dev lowpan0  proto kernel  metric 256 
fe80::/64 dev wlan0  proto kernel  metric 256 
picking if_index [5]
  processing dao(30) [32/[::1500:0:1160:ed00:1500:0]: daoseq:240,dao-ack]
RTNETLINK answers: File exists
unreachable affe::1ac0:ffee:1ac0:ffee dev lo  proto kernel  metric 256  error -101
affe::7a69:3776:dc31:dad2 via fe80::7a69:3776:dc31:dad2 dev lowpan0  src affe::1ac0:ffee:1ac0:ffee  metric 1024 
affe::7a6f:1375:3106:81e6 via fe80::7a6f:1375:3106:81e6 dev lowpan0  src affe::1ac0:ffee:1ac0:ffee  metric 1024 
affe::7a6f:3748:e6fe:8c2e via fe80::7a6f:3748:e6fe:8c2e dev lowpan0  src affe::1ac0:ffee:1ac0:ffee  metric 1024 
affe::7a6f:3b4b:4bab:3902 via fe80::7a6f:3b4b:4bab:3902 dev lowpan0  src affe::1ac0:ffee:1ac0:ffee  metric 1024 
affe::/64 dev lowpan0  proto kernel  metric 256 
unreachable affe::/64 dev lo  metric 1024  error -113
fd59:caf2:e8c8::/64 dev wlan0  proto kernel  metric 304  mtu 1500
fe80::/64 dev lowpan0  proto kernel  metric 256 
fe80::/64 dev wlan0  proto kernel  metric 256 
picking if_index [5]
  processing NS(56)
  sending NA to: fe80::7a6f:3b4b:4bab:3902
picking if_index [5]
  processing dao(30) [32/[::1500:0:1160:ed00:1500:0]: daoseq:240,dao-ack]
RTNETLINK answers: File exists
unreachable affe::1ac0:ffee:1ac0:ffee dev lo  proto kernel  metric 256  error -101
affe::7a69:3776:dc31:dad2 via fe80::7a69:3776:dc31:dad2 dev lowpan0  src affe::1ac0:ffee:1ac0:ffee  metric 1024 
affe::7a6f:1375:3106:81e6 via fe80::7a6f:1375:3106:81e6 dev lowpan0  src affe::1ac0:ffee:1ac0:ffee  metric 1024 
affe::7a6f:3748:e6fe:8c2e via fe80::7a6f:3748:e6fe:8c2e dev lowpan0  src affe::1ac0:ffee:1ac0:ffee  metric 1024 
affe::7a6f:3b4b:4bab:3902 via fe80::7a6f:3b4b:4bab:3902 dev lowpan0  src affe::1ac0:ffee:1ac0:ffee  metric 1024 
affe::/64 dev lowpan0  proto kernel  metric 256 
unreachable affe::/64 dev lo  metric 1024  error -113
fd59:caf2:e8c8::/64 dev wlan0  proto kernel  metric 304  mtu 1500
fe80::/64 dev lowpan0  proto kernel  metric 256 
fe80::/64 dev wlan0  proto kernel  metric 256 
picking if_index [5]
  processing NS(56)
  sending NA to: fe80::7a6f:3b4b:4bab:3902
picking if_index [5]
  processing NS(56)
  sending NA to: fe80::7a6f:3b4b:4bab:3902
picking if_index [5]
  processing dao(30) [32/[::1500:0:1160:ed00:1500:0]: daoseq:240,dao-ack]
RTNETLINK answers: File exists
unreachable affe::1ac0:ffee:1ac0:ffee dev lo  proto kernel  metric 256  error -101
affe::7a69:3776:dc31:dad2 via fe80::7a69:3776:dc31:dad2 dev lowpan0  src affe::1ac0:ffee:1ac0:ffee  metric 1024 
affe::7a6f:1375:3106:81e6 via fe80::7a6f:1375:3106:81e6 dev lowpan0  src affe::1ac0:ffee:1ac0:ffee  metric 1024 
affe::7a6f:3748:e6fe:8c2e via fe80::7a6f:3748:e6fe:8c2e dev lowpan0  src affe::1ac0:ffee:1ac0:ffee  metric 1024 
affe::7a6f:3b4b:4bab:3902 via fe80::7a6f:3b4b:4bab:3902 dev lowpan0  src affe::1ac0:ffee:1ac0:ffee  metric 1024 
affe::/64 dev lowpan0  proto kernel  metric 256 
unreachable affe::/64 dev lo  metric 1024  error -113
fd59:caf2:e8c8::/64 dev wlan0  proto kernel  metric 304  mtu 1500
fe80::/64 dev lowpan0  proto kernel  metric 256 
fe80::/64 dev wlan0  proto kernel  metric 256 
picking if_index [5]
  processing dao(30) [32/[::1500:0:1160:ed00:1500:0]: daoseq:240,dao-ack]
RTNETLINK answers: File exists
unreachable affe::1ac0:ffee:1ac0:ffee dev lo  proto kernel  metric 256  error -101
affe::7a69:3776:dc31:dad2 via fe80::7a69:3776:dc31:dad2 dev lowpan0  src affe::1ac0:ffee:1ac0:ffee  metric 1024 
affe::7a6f:1375:3106:81e6 via fe80::7a6f:1375:3106:81e6 dev lowpan0  src affe::1ac0:ffee:1ac0:ffee  metric 1024 
affe::7a6f:3748:e6fe:8c2e via fe80::7a6f:3748:e6fe:8c2e dev lowpan0  src affe::1ac0:ffee:1ac0:ffee  metric 1024 
affe::7a6f:3b4b:4bab:3902 via fe80::7a6f:3b4b:4bab:3902 dev lowpan0  src affe::1ac0:ffee:1ac0:ffee  metric 1024 
affe::/64 dev lowpan0  proto kernel  metric 256 
unreachable affe::/64 dev lo  metric 1024  error -113
fd59:caf2:e8c8::/64 dev wlan0  proto kernel  metric 304  mtu 1500
fe80::/64 dev lowpan0  proto kernel  metric 256 
fe80::/64 dev wlan0  proto kernel  metric 256 
picking if_index [5]
Got router solicitation from `í with 16 bytes of options
picking if_index [5]
Got router solicitation from `í with 16 bytes of options
picking if_index [5]
  processing dao(30) [32/[::1500:0:1160:ed00:1500:0]: daoseq:240,dao-ack]
RTNETLINK answers: File exists
unreachable affe::1ac0:ffee:1ac0:ffee dev lo  proto kernel  metric 256  error -101
affe::7a69:3776:dc31:dad2 via fe80::7a69:3776:dc31:dad2 dev lowpan0  src affe::1ac0:ffee:1ac0:ffee  metric 1024 
affe::7a6f:1375:3106:81e6 via fe80::7a6f:1375:3106:81e6 dev lowpan0  src affe::1ac0:ffee:1ac0:ffee  metric 1024 
affe::7a6f:3748:e6fe:8c2e via fe80::7a6f:3748:e6fe:8c2e dev lowpan0  src affe::1ac0:ffee:1ac0:ffee  metric 1024 
affe::7a6f:3b4b:4bab:3902 via fe80::7a6f:3b4b:4bab:3902 dev lowpan0  src affe::1ac0:ffee:1ac0:ffee  metric 1024 
affe::/64 dev lowpan0  proto kernel  metric 256 
unreachable affe::/64 dev lo  metric 1024  error -113
fd59:caf2:e8c8::/64 dev wlan0  proto kernel  metric 304  mtu 1500
fe80::/64 dev lowpan0  proto kernel  metric 256 
fe80::/64 dev wlan0  proto kernel  metric 256 
picking if_index [5]
picking if_index [5]
  processing dao(30) [32/[::1500:0:1160:ed00:1500:0]: daoseq:240,dao-ack]
RTNETLINK answers: File exists
unreachable affe::1ac0:ffee:1ac0:ffee dev lo  proto kernel  metric 256  error -101
affe::7a69:3776:dc31:dad2 via fe80::7a69:3776:dc31:dad2 dev lowpan0  src affe::1ac0:ffee:1ac0:ffee  metric 1024 
affe::7a6f:1375:3106:81e6 via fe80::7a6f:1375:3106:81e6 dev lowpan0  src affe::1ac0:ffee:1ac0:ffee  metric 1024 
affe::7a6f:3748:e6fe:8c2e via fe80::7a6f:3748:e6fe:8c2e dev lowpan0  src affe::1ac0:ffee:1ac0:ffee  metric 1024 
affe::7a6f:3b4b:4bab:3902 via fe80::7a6f:3b4b:4bab:3902 dev lowpan0  src affe::1ac0:ffee:1ac0:ffee  metric 1024 
affe::/64 dev lowpan0  proto kernel  metric 256 
unreachable affe::/64 dev lo  metric 1024  error -113
fd59:caf2:e8c8::/64 dev wlan0  proto kernel  metric 304  mtu 1500
fe80::/64 dev lowpan0  proto kernel  metric 256 
fe80::/64 dev wlan0  proto kernel  metric 256 
picking if_index [5]
  processing NS(56)
  sending NA to: fe80::7a69:3776:dc31:dad2
picking if_index [5]
 processing dio(56)  [32/[affe::5]: seq:0,rank:257,version:1,grounded,storing-no-mcase]
picking if_index [5]
  processing dao(30) [32/[::1500:0:1160:ed00:1500:0]: daoseq:240,dao-ack]
RTNETLINK answers: File exists
unreachable affe::1ac0:ffee:1ac0:ffee dev lo  proto kernel  metric 256  error -101
affe::7a69:3776:dc31:dad2 via fe80::7a69:3776:dc31:dad2 dev lowpan0  src affe::1ac0:ffee:1ac0:ffee  metric 1024 
affe::7a6f:1375:3106:81e6 via fe80::7a6f:1375:3106:81e6 dev lowpan0  src affe::1ac0:ffee:1ac0:ffee  metric 1024 
affe::7a6f:3748:e6fe:8c2e via fe80::7a6f:3748:e6fe:8c2e dev lowpan0  src affe::1ac0:ffee:1ac0:ffee  metric 1024 
affe::7a6f:3b4b:4bab:3902 via fe80::7a6f:3b4b:4bab:3902 dev lowpan0  src affe::1ac0:ffee:1ac0:ffee  metric 1024 
affe::/64 dev lowpan0  proto kernel  metric 256 
unreachable affe::/64 dev lo  metric 1024  error -113
fd59:caf2:e8c8::/64 dev wlan0  proto kernel  metric 304  mtu 1500
fe80::/64 dev lowpan0  proto kernel  metric 256 
fe80::/64 dev wlan0  proto kernel  metric 256 
picking if_index [5]
  processing NS(56)
  sending NA to: fe80::7a6f:3b4b:4bab:3902
picking if_index [5]
  processing NS(56)
  sending NA to: fe80::7a6f:3b4b:4bab:3902
picking if_index [5]
  processing dao(30) [32/[::1500:0:1160:ed00:1500:0]: daoseq:240,dao-ack]
RTNETLINK answers: File exists
unreachable affe::1ac0:ffee:1ac0:ffee dev lo  proto kernel  metric 256  error -101
affe::7a69:3776:dc31:dad2 via fe80::7a69:3776:dc31:dad2 dev lowpan0  src affe::1ac0:ffee:1ac0:ffee  metric 1024 
affe::7a6f:1375:3106:81e6 via fe80::7a6f:1375:3106:81e6 dev lowpan0  src affe::1ac0:ffee:1ac0:ffee  metric 1024 
affe::7a6f:3748:e6fe:8c2e via fe80::7a6f:3748:e6fe:8c2e dev lowpan0  src affe::1ac0:ffee:1ac0:ffee  metric 1024 
affe::7a6f:3b4b:4bab:3902 via fe80::7a6f:3b4b:4bab:3902 dev lowpan0  src affe::1ac0:ffee:1ac0:ffee  metric 1024 
affe::/64 dev lowpan0  proto kernel  metric 256 
unreachable affe::/64 dev lo  metric 1024  error -113
fd59:caf2:e8c8::/64 dev wlan0  proto kernel  metric 304  mtu 1500
fe80::/64 dev lowpan0  proto kernel  metric 256 
fe80::/64 dev wlan0  proto kernel  metric 256 
picking if_index [5]
picking if_index [5]
  processing dao(30) [32/[::1500:0:1160:ed00:1500:0]: daoseq:240,dao-ack]
RTNETLINK answers: File exists
unreachable affe::1ac0:ffee:1ac0:ffee dev lo  proto kernel  metric 256  error -101
affe::7a69:3776:dc31:dad2 via fe80::7a69:3776:dc31:dad2 dev lowpan0  src affe::1ac0:ffee:1ac0:ffee  metric 1024 
affe::7a6f:1375:3106:81e6 via fe80::7a6f:1375:3106:81e6 dev lowpan0  src affe::1ac0:ffee:1ac0:ffee  metric 1024 
affe::7a6f:3748:e6fe:8c2e via fe80::7a6f:3748:e6fe:8c2e dev lowpan0  src affe::1ac0:ffee:1ac0:ffee  metric 1024 
affe::7a6f:3b4b:4bab:3902 via fe80::7a6f:3b4b:4bab:3902 dev lowpan0  src affe::1ac0:ffee:1ac0:ffee  metric 1024 
affe::/64 dev lowpan0  proto kernel  metric 256 
unreachable affe::/64 dev lo  metric 1024  error -113
fd59:caf2:e8c8::/64 dev wlan0  proto kernel  metric 304  mtu 1500
fe80::/64 dev lowpan0  proto kernel  metric 256 
fe80::/64 dev wlan0  proto kernel  metric 256 
picking if_index [5]
  processing dao(30) [32/[::1500:0:1160:ed00:1500:0]: daoseq:240,dao-ack]
RTNETLINK answers: File exists
unreachable affe::1ac0:ffee:1ac0:ffee dev lo  proto kernel  metric 256  error -101
affe::7a69:3776:dc31:dad2 via fe80::7a69:3776:dc31:dad2 dev lowpan0  src affe::1ac0:ffee:1ac0:ffee  metric 1024 
affe::7a6f:1375:3106:81e6 via fe80::7a6f:1375:3106:81e6 dev lowpan0  src affe::1ac0:ffee:1ac0:ffee  metric 1024 
affe::7a6f:3748:e6fe:8c2e via fe80::7a6f:3748:e6fe:8c2e dev lowpan0  src affe::1ac0:ffee:1ac0:ffee  metric 1024 
affe::7a6f:3b4b:4bab:3902 via fe80::7a6f:3b4b:4bab:3902 dev lowpan0  src affe::1ac0:ffee:1ac0:ffee  metric 1024 
affe::/64 dev lowpan0  proto kernel  metric 256 
unreachable affe::/64 dev lo  metric 1024  error -113
fd59:caf2:e8c8::/64 dev wlan0  proto kernel  metric 304  mtu 1500
fe80::/64 dev lowpan0  proto kernel  metric 256 
fe80::/64 dev wlan0  proto kernel  metric 256 
picking if_index [5]
  processing dao(30) [32/[::1500:0:1160:ed00:1500:0]: daoseq:240,dao-ack]
RTNETLINK answers: File exists
unreachable affe::1ac0:ffee:1ac0:ffee dev lo  proto kernel  metric 256  error -101
affe::7a69:3776:dc31:dad2 via fe80::7a69:3776:dc31:dad2 dev lowpan0  src affe::1ac0:ffee:1ac0:ffee  metric 1024 
affe::7a6f:1375:3106:81e6 via fe80::7a6f:1375:3106:81e6 dev lowpan0  src affe::1ac0:ffee:1ac0:ffee  metric 1024 
affe::7a6f:3748:e6fe:8c2e via fe80::7a6f:3748:e6fe:8c2e dev lowpan0  src affe::1ac0:ffee:1ac0:ffee  metric 1024 
affe::7a6f:3b4b:4bab:3902 via fe80::7a6f:3b4b:4bab:3902 dev lowpan0  src affe::1ac0:ffee:1ac0:ffee  metric 1024 
affe::/64 dev lowpan0  proto kernel  metric 256 
unreachable affe::/64 dev lo  metric 1024  error -113
fd59:caf2:e8c8::/64 dev wlan0  proto kernel  metric 304  mtu 1500
fe80::/64 dev lowpan0  proto kernel  metric 256 
fe80::/64 dev wlan0  proto kernel  metric 256 
picking if_index [5]
  processing dao(30) [32/[::1500:0:1160:ed00:1500:0]: daoseq:240,dao-ack]
RTNETLINK answers: File exists
unreachable affe::1ac0:ffee:1ac0:ffee dev lo  proto kernel  metric 256  error -101
affe::7a69:3776:dc31:dad2 via fe80::7a69:3776:dc31:dad2 dev lowpan0  src affe::1ac0:ffee:1ac0:ffee  metric 1024 
affe::7a6f:1375:3106:81e6 via fe80::7a6f:1375:3106:81e6 dev lowpan0  src affe::1ac0:ffee:1ac0:ffee  metric 1024 
affe::7a6f:3748:e6fe:8c2e via fe80::7a6f:3748:e6fe:8c2e dev lowpan0  src affe::1ac0:ffee:1ac0:ffee  metric 1024 
affe::7a6f:3b4b:4bab:3902 via fe80::7a6f:3b4b:4bab:3902 dev lowpan0  src affe::1ac0:ffee:1ac0:ffee  metric 1024 
affe::/64 dev lowpan0  proto kernel  metric 256 
unreachable affe::/64 dev lo  metric 1024  error -113
fd59:caf2:e8c8::/64 dev wlan0  proto kernel  metric 304  mtu 1500
fe80::/64 dev lowpan0  proto kernel  metric 256 
fe80::/64 dev wlan0  proto kernel  metric 256 
picking if_index [5]
  processing dao(30) [32/[::1500:0:1160:ed00:1500:0]: daoseq:240,dao-ack]
RTNETLINK answers: File exists
unreachable affe::1ac0:ffee:1ac0:ffee dev lo  proto kernel  metric 256  error -101
affe::7a69:3776:dc31:dad2 via fe80::7a69:3776:dc31:dad2 dev lowpan0  src affe::1ac0:ffee:1ac0:ffee  metric 1024 
affe::7a6f:1375:3106:81e6 via fe80::7a6f:1375:3106:81e6 dev lowpan0  src affe::1ac0:ffee:1ac0:ffee  metric 1024 
affe::7a6f:3748:e6fe:8c2e via fe80::7a6f:3748:e6fe:8c2e dev lowpan0  src affe::1ac0:ffee:1ac0:ffee  metric 1024 
affe::7a6f:3b4b:4bab:3902 via fe80::7a6f:3b4b:4bab:3902 dev lowpan0  src affe::1ac0:ffee:1ac0:ffee  metric 1024 
affe::/64 dev lowpan0  proto kernel  metric 256 
unreachable affe::/64 dev lo  metric 1024  error -113
fd59:caf2:e8c8::/64 dev wlan0  proto kernel  metric 304  mtu 1500
fe80::/64 dev lowpan0  proto kernel  metric 256 
fe80::/64 dev wlan0  proto kernel  metric 256 
picking if_index [5]
  processing NS(56)
  sending NA to: fe80::7a69:3776:dc31:dad2
picking if_index [5]
  processing NS(56)
  sending NA to: fe80::7a69:3776:dc31:dad2
picking if_index [5]
  processing NS(56)
  sending NA to: fe80::7a69:3776:dc31:dad2
picking if_index [5]
  processing NS(56)
  sending NA to: fe80::7a6f:3b4b:4bab:3902
picking if_index [5]
  processing NS(56)
  sending NA to: fe80::7a6f:3b4b:4bab:3902
picking if_index [5]
  processing dao(30) [32/[::1500:0:1160:ed00:1500:0]: daoseq:240,dao-ack]
RTNETLINK answers: File exists
unreachable affe::1ac0:ffee:1ac0:ffee dev lo  proto kernel  metric 256  error -101
affe::7a69:3776:dc31:dad2 via fe80::7a69:3776:dc31:dad2 dev lowpan0  src affe::1ac0:ffee:1ac0:ffee  metric 1024 
affe::7a6f:1375:3106:81e6 via fe80::7a6f:1375:3106:81e6 dev lowpan0  src affe::1ac0:ffee:1ac0:ffee  metric 1024 
affe::7a6f:3748:e6fe:8c2e via fe80::7a6f:3748:e6fe:8c2e dev lowpan0  src affe::1ac0:ffee:1ac0:ffee  metric 1024 
affe::7a6f:3b4b:4bab:3902 via fe80::7a6f:3b4b:4bab:3902 dev lowpan0  src affe::1ac0:ffee:1ac0:ffee  metric 1024 
affe::/64 dev lowpan0  proto kernel  metric 256 
unreachable affe::/64 dev lo  metric 1024  error -113
fd59:caf2:e8c8::/64 dev wlan0  proto kernel  metric 304  mtu 1500
fe80::/64 dev lowpan0  proto kernel  metric 256 
fe80::/64 dev wlan0  proto kernel  metric 256 
picking if_index [5]
  processing NS(56)
  sending NA to: fe80::7a6f:3b4b:4bab:3902
picking if_index [5]
  processing dao(30) [32/[::1500:0:1160:ed00:1500:0]: daoseq:240,dao-ack]
RTNETLINK answers: File exists
unreachable affe::1ac0:ffee:1ac0:ffee dev lo  proto kernel  metric 256  error -101
affe::7a69:3776:dc31:dad2 via fe80::7a69:3776:dc31:dad2 dev lowpan0  src affe::1ac0:ffee:1ac0:ffee  metric 1024 
affe::7a6f:1375:3106:81e6 via fe80::7a6f:1375:3106:81e6 dev lowpan0  src affe::1ac0:ffee:1ac0:ffee  metric 1024 
affe::7a6f:3748:e6fe:8c2e via fe80::7a6f:3748:e6fe:8c2e dev lowpan0  src affe::1ac0:ffee:1ac0:ffee  metric 1024 
affe::7a6f:3b4b:4bab:3902 via fe80::7a6f:3b4b:4bab:3902 dev lowpan0  src affe::1ac0:ffee:1ac0:ffee  metric 1024 
affe::/64 dev lowpan0  proto kernel  metric 256 
unreachable affe::/64 dev lo  metric 1024  error -113
fd59:caf2:e8c8::/64 dev wlan0  proto kernel  metric 304  mtu 1500
fe80::/64 dev lowpan0  proto kernel  metric 256 
fe80::/64 dev wlan0  proto kernel  metric 256 
picking if_index [5]
  processing dao(30) [32/[::1500:0:1160:ed00:1500:0]: daoseq:240,dao-ack]
RTNETLINK answers: File exists
unreachable affe::1ac0:ffee:1ac0:ffee dev lo  proto kernel  metric 256  error -101
affe::7a69:3776:dc31:dad2 via fe80::7a69:3776:dc31:dad2 dev lowpan0  src affe::1ac0:ffee:1ac0:ffee  metric 1024 
affe::7a6f:1375:3106:81e6 via fe80::7a6f:1375:3106:81e6 dev lowpan0  src affe::1ac0:ffee:1ac0:ffee  metric 1024 
affe::7a6f:3748:e6fe:8c2e via fe80::7a6f:3748:e6fe:8c2e dev lowpan0  src affe::1ac0:ffee:1ac0:ffee  metric 1024 
affe::7a6f:3b4b:4bab:3902 via fe80::7a6f:3b4b:4bab:3902 dev lowpan0  src affe::1ac0:ffee:1ac0:ffee  metric 1024 
affe::/64 dev lowpan0  proto kernel  metric 256 
unreachable affe::/64 dev lo  metric 1024  error -113
fd59:caf2:e8c8::/64 dev wlan0  proto kernel  metric 304  mtu 1500
fe80::/64 dev lowpan0  proto kernel  metric 256 
fe80::/64 dev wlan0  proto kernel  metric 256 
picking if_index [5]
picking if_index [5]
  processing dao(30) [32/[::1500:0:1160:ed00:1500:0]: daoseq:240,dao-ack]
RTNETLINK answers: File exists
unreachable affe::1ac0:ffee:1ac0:ffee dev lo  proto kernel  metric 256  error -101
affe::7a69:3776:dc31:dad2 via fe80::7a69:3776:dc31:dad2 dev lowpan0  src affe::1ac0:ffee:1ac0:ffee  metric 1024 
affe::7a6f:1375:3106:81e6 via fe80::7a6f:1375:3106:81e6 dev lowpan0  src affe::1ac0:ffee:1ac0:ffee  metric 1024 
affe::7a6f:3748:e6fe:8c2e via fe80::7a6f:3748:e6fe:8c2e dev lowpan0  src affe::1ac0:ffee:1ac0:ffee  metric 1024 
affe::7a6f:3b4b:4bab:3902 via fe80::7a6f:3b4b:4bab:3902 dev lowpan0  src affe::1ac0:ffee:1ac0:ffee  metric 1024 
affe::/64 dev lowpan0  proto kernel  metric 256 
unreachable affe::/64 dev lo  metric 1024  error -113
fd59:caf2:e8c8::/64 dev wlan0  proto kernel  metric 304  mtu 1500
fe80::/64 dev lowpan0  proto kernel  metric 256 
fe80::/64 dev wlan0  proto kernel  metric 256 
picking if_index [5]
  processing dao(30) [32/[::1500:0:1160:ed00:1500:0]: daoseq:240,dao-ack]
RTNETLINK answers: File exists
unreachable affe::1ac0:ffee:1ac0:ffee dev lo  proto kernel  metric 256  error -101
affe::7a69:3776:dc31:dad2 via fe80::7a69:3776:dc31:dad2 dev lowpan0  src affe::1ac0:ffee:1ac0:ffee  metric 1024 
affe::7a6f:1375:3106:81e6 via fe80::7a6f:1375:3106:81e6 dev lowpan0  src affe::1ac0:ffee:1ac0:ffee  metric 1024 
affe::7a6f:3748:e6fe:8c2e via fe80::7a6f:3748:e6fe:8c2e dev lowpan0  src affe::1ac0:ffee:1ac0:ffee  metric 1024 
affe::7a6f:3b4b:4bab:3902 via fe80::7a6f:3b4b:4bab:3902 dev lowpan0  src affe::1ac0:ffee:1ac0:ffee  metric 1024 
affe::/64 dev lowpan0  proto kernel  metric 256 
unreachable affe::/64 dev lo  metric 1024  error -113
fd59:caf2:e8c8::/64 dev wlan0  proto kernel  metric 304  mtu 1500
fe80::/64 dev lowpan0  proto kernel  metric 256 
fe80::/64 dev wlan0  proto kernel  metric 256 
picking if_index [5]
  processing NS(56)
  sending NA to: fe80::7a69:3776:dc31:dad2
picking if_index [5]
  processing dao(30) [32/[::1500:0:1160:ed00:1500:0]: daoseq:240,dao-ack]
RTNETLINK answers: File exists
unreachable affe::1ac0:ffee:1ac0:ffee dev lo  proto kernel  metric 256  error -101
affe::7a69:3776:dc31:dad2 via fe80::7a69:3776:dc31:dad2 dev lowpan0  src affe::1ac0:ffee:1ac0:ffee  metric 1024 
affe::7a6f:1375:3106:81e6 via fe80::7a6f:1375:3106:81e6 dev lowpan0  src affe::1ac0:ffee:1ac0:ffee  metric 1024 
affe::7a6f:3748:e6fe:8c2e via fe80::7a6f:3748:e6fe:8c2e dev lowpan0  src affe::1ac0:ffee:1ac0:ffee  metric 1024 
affe::7a6f:3b4b:4bab:3902 via fe80::7a6f:3b4b:4bab:3902 dev lowpan0  src affe::1ac0:ffee:1ac0:ffee  metric 1024 
affe::/64 dev lowpan0  proto kernel  metric 256 
unreachable affe::/64 dev lo  metric 1024  error -113
fd59:caf2:e8c8::/64 dev wlan0  proto kernel  metric 304  mtu 1500
fe80::/64 dev lowpan0  proto kernel  metric 256 
fe80::/64 dev wlan0  proto kernel  metric 256 
picking if_index [5]
  processing NS(56)
  sending NA to: fe80::7a69:3776:dc31:dad2
picking if_index [5]
Got router solicitation from `í with 16 bytes of options
picking if_index [5]
  processing dao(30) [32/[::1500:0:1160:ed00:1500:0]: daoseq:240,dao-ack]
RTNETLINK answers: File exists
unreachable affe::1ac0:ffee:1ac0:ffee dev lo  proto kernel  metric 256  error -101
affe::7a69:3776:dc31:dad2 via fe80::7a69:3776:dc31:dad2 dev lowpan0  src affe::1ac0:ffee:1ac0:ffee  metric 1024 
affe::7a6f:1375:3106:81e6 via fe80::7a6f:1375:3106:81e6 dev lowpan0  src affe::1ac0:ffee:1ac0:ffee  metric 1024 
affe::7a6f:3748:e6fe:8c2e via fe80::7a6f:3748:e6fe:8c2e dev lowpan0  src affe::1ac0:ffee:1ac0:ffee  metric 1024 
affe::7a6f:3b4b:4bab:3902 via fe80::7a6f:3b4b:4bab:3902 dev lowpan0  src affe::1ac0:ffee:1ac0:ffee  metric 1024 
affe::/64 dev lowpan0  proto kernel  metric 256 
unreachable affe::/64 dev lo  metric 1024  error -113
fd59:caf2:e8c8::/64 dev wlan0  proto kernel  metric 304  mtu 1500
fe80::/64 dev lowpan0  proto kernel  metric 256 
fe80::/64 dev wlan0  proto kernel  metric 256 
picking if_index [5]
  processing dao(30) [32/[::1500:0:1160:ed00:1500:0]: daoseq:240,dao-ack]
RTNETLINK answers: File exists
unreachable affe::1ac0:ffee:1ac0:ffee dev lo  proto kernel  metric 256  error -101
affe::7a69:3776:dc31:dad2 via fe80::7a69:3776:dc31:dad2 dev lowpan0  src affe::1ac0:ffee:1ac0:ffee  metric 1024 
affe::7a6f:1375:3106:81e6 via fe80::7a6f:1375:3106:81e6 dev lowpan0  src affe::1ac0:ffee:1ac0:ffee  metric 1024 
affe::7a6f:3748:e6fe:8c2e via fe80::7a6f:3748:e6fe:8c2e dev lowpan0  src affe::1ac0:ffee:1ac0:ffee  metric 1024 
affe::7a6f:3b4b:4bab:3902 via fe80::7a6f:3b4b:4bab:3902 dev lowpan0  src affe::1ac0:ffee:1ac0:ffee  metric 1024 
affe::/64 dev lowpan0  proto kernel  metric 256 
unreachable affe::/64 dev lo  metric 1024  error -113
fd59:caf2:e8c8::/64 dev wlan0  proto kernel  metric 304  mtu 1500
fe80::/64 dev lowpan0  proto kernel  metric 256 
fe80::/64 dev wlan0  proto kernel  metric 256 
picking if_index [5]
  processing dao(30) [32/[::1500:0:1160:ed00:1500:0]: daoseq:240,dao-ack]
RTNETLINK answers: File exists
unreachable affe::1ac0:ffee:1ac0:ffee dev lo  proto kernel  metric 256  error -101
affe::7a69:3776:dc31:dad2 via fe80::7a69:3776:dc31:dad2 dev lowpan0  src affe::1ac0:ffee:1ac0:ffee  metric 1024 
affe::7a6f:1375:3106:81e6 via fe80::7a6f:1375:3106:81e6 dev lowpan0  src affe::1ac0:ffee:1ac0:ffee  metric 1024 
affe::7a6f:3748:e6fe:8c2e via fe80::7a6f:3748:e6fe:8c2e dev lowpan0  src affe::1ac0:ffee:1ac0:ffee  metric 1024 
affe::7a6f:3b4b:4bab:3902 via fe80::7a6f:3b4b:4bab:3902 dev lowpan0  src affe::1ac0:ffee:1ac0:ffee  metric 1024 
affe::/64 dev lowpan0  proto kernel  metric 256 
unreachable affe::/64 dev lo  metric 1024  error -113
fd59:caf2:e8c8::/64 dev wlan0  proto kernel  metric 304  mtu 1500
fe80::/64 dev lowpan0  proto kernel  metric 256 
fe80::/64 dev wlan0  proto kernel  metric 256 
picking if_index [5]
  processing dao(30) [32/[::1500:0:1160:ed00:1500:0]: daoseq:240,dao-ack]
RTNETLINK answers: File exists
unreachable affe::1ac0:ffee:1ac0:ffee dev lo  proto kernel  metric 256  error -101
affe::7a69:3776:dc31:dad2 via fe80::7a69:3776:dc31:dad2 dev lowpan0  src affe::1ac0:ffee:1ac0:ffee  metric 1024 
affe::7a6f:1375:3106:81e6 via fe80::7a6f:1375:3106:81e6 dev lowpan0  src affe::1ac0:ffee:1ac0:ffee  metric 1024 
affe::7a6f:3748:e6fe:8c2e via fe80::7a6f:3748:e6fe:8c2e dev lowpan0  src affe::1ac0:ffee:1ac0:ffee  metric 1024 
affe::7a6f:3b4b:4bab:3902 via fe80::7a6f:3b4b:4bab:3902 dev lowpan0  src affe::1ac0:ffee:1ac0:ffee  metric 1024 
affe::/64 dev lowpan0  proto kernel  metric 256 
unreachable affe::/64 dev lo  metric 1024  error -113
fd59:caf2:e8c8::/64 dev wlan0  proto kernel  metric 304  mtu 1500
fe80::/64 dev lowpan0  proto kernel  metric 256 
fe80::/64 dev wlan0  proto kernel  metric 256 
picking if_index [5]
  processing dao(30) [32/[::1500:0:1160:ed00:1500:0]: daoseq:240,dao-ack]
RTNETLINK answers: File exists
unreachable affe::1ac0:ffee:1ac0:ffee dev lo  proto kernel  metric 256  error -101
affe::7a69:3776:dc31:dad2 via fe80::7a69:3776:dc31:dad2 dev lowpan0  src affe::1ac0:ffee:1ac0:ffee  metric 1024 
affe::7a6f:1375:3106:81e6 via fe80::7a6f:1375:3106:81e6 dev lowpan0  src affe::1ac0:ffee:1ac0:ffee  metric 1024 
affe::7a6f:3748:e6fe:8c2e via fe80::7a6f:3748:e6fe:8c2e dev lowpan0  src affe::1ac0:ffee:1ac0:ffee  metric 1024 
affe::7a6f:3b4b:4bab:3902 via fe80::7a6f:3b4b:4bab:3902 dev lowpan0  src affe::1ac0:ffee:1ac0:ffee  metric 1024 
affe::/64 dev lowpan0  proto kernel  metric 256 
unreachable affe::/64 dev lo  metric 1024  error -113
fd59:caf2:e8c8::/64 dev wlan0  proto kernel  metric 304  mtu 1500
fe80::/64 dev lowpan0  proto kernel  metric 256 
fe80::/64 dev wlan0  proto kernel  metric 256 
picking if_index [5]
  processing dao(30) [32/[::1500:0:1160:ed00:1500:0]: daoseq:240,dao-ack]
RTNETLINK answers: File exists
unreachable affe::1ac0:ffee:1ac0:ffee dev lo  proto kernel  metric 256  error -101
affe::7a69:3776:dc31:dad2 via fe80::7a69:3776:dc31:dad2 dev lowpan0  src affe::1ac0:ffee:1ac0:ffee  metric 1024 
affe::7a6f:1375:3106:81e6 via fe80::7a6f:1375:3106:81e6 dev lowpan0  src affe::1ac0:ffee:1ac0:ffee  metric 1024 
affe::7a6f:3748:e6fe:8c2e via fe80::7a6f:3748:e6fe:8c2e dev lowpan0  src affe::1ac0:ffee:1ac0:ffee  metric 1024 
affe::7a6f:3b4b:4bab:3902 via fe80::7a6f:3b4b:4bab:3902 dev lowpan0  src affe::1ac0:ffee:1ac0:ffee  metric 1024 
affe::/64 dev lowpan0  proto kernel  metric 256 
unreachable affe::/64 dev lo  metric 1024  error -113
fd59:caf2:e8c8::/64 dev wlan0  proto kernel  metric 304  mtu 1500
fe80::/64 dev lowpan0  proto kernel  metric 256 
fe80::/64 dev wlan0  proto kernel  metric 256 
picking if_index [5]
picking if_index [5]
  processing dao(30) [32/[::1500:0:1160:ed00:1500:0]: daoseq:240,dao-ack]
RTNETLINK answers: File exists
unreachable affe::1ac0:ffee:1ac0:ffee dev lo  proto kernel  metric 256  error -101
affe::7a69:3776:dc31:dad2 via fe80::7a69:3776:dc31:dad2 dev lowpan0  src affe::1ac0:ffee:1ac0:ffee  metric 1024 
affe::7a6f:1375:3106:81e6 via fe80::7a6f:1375:3106:81e6 dev lowpan0  src affe::1ac0:ffee:1ac0:ffee  metric 1024 
affe::7a6f:3748:e6fe:8c2e via fe80::7a6f:3748:e6fe:8c2e dev lowpan0  src affe::1ac0:ffee:1ac0:ffee  metric 1024 
affe::7a6f:3b4b:4bab:3902 via fe80::7a6f:3b4b:4bab:3902 dev lowpan0  src affe::1ac0:ffee:1ac0:ffee  metric 1024 
affe::/64 dev lowpan0  proto kernel  metric 256 
unreachable affe::/64 dev lo  metric 1024  error -113
fd59:caf2:e8c8::/64 dev wlan0  proto kernel  metric 304  mtu 1500
fe80::/64 dev lowpan0  proto kernel  metric 256 
fe80::/64 dev wlan0  proto kernel  metric 256 
picking if_index [5]
  processing dao(30) [32/[::1500:0:1160:ed00:1500:0]: daoseq:240,dao-ack]
RTNETLINK answers: File exists
unreachable affe::1ac0:ffee:1ac0:ffee dev lo  proto kernel  metric 256  error -101
affe::7a69:3776:dc31:dad2 via fe80::7a69:3776:dc31:dad2 dev lowpan0  src affe::1ac0:ffee:1ac0:ffee  metric 1024 
affe::7a6f:1375:3106:81e6 via fe80::7a6f:1375:3106:81e6 dev lowpan0  src affe::1ac0:ffee:1ac0:ffee  metric 1024 
affe::7a6f:3748:e6fe:8c2e via fe80::7a6f:3748:e6fe:8c2e dev lowpan0  src affe::1ac0:ffee:1ac0:ffee  metric 1024 
affe::7a6f:3b4b:4bab:3902 via fe80::7a6f:3b4b:4bab:3902 dev lowpan0  src affe::1ac0:ffee:1ac0:ffee  metric 1024 
affe::/64 dev lowpan0  proto kernel  metric 256 
unreachable affe::/64 dev lo  metric 1024  error -113
fd59:caf2:e8c8::/64 dev wlan0  proto kernel  metric 304  mtu 1500
fe80::/64 dev lowpan0  proto kernel  metric 256 
fe80::/64 dev wlan0  proto kernel  metric 256 
picking if_index [5]
  processing NS(56)
  sending NA to: fe80::7a6f:3b4b:4bab:3902
picking if_index [5]
  processing NS(56)
  sending NA to: fe80::7a6f:3b4b:4bab:3902
picking if_index [5]
  processing NS(56)
  sending NA to: fe80::7a69:3776:dc31:dad2
picking if_index [5]
  processing NS(56)
  sending NA to: fe80::7a69:3776:dc31:dad2
picking if_index [5]
  processing dao(30) [32/[::1500:0:1160:ed00:1500:0]: daoseq:240,dao-ack]
RTNETLINK answers: File exists
unreachable affe::1ac0:ffee:1ac0:ffee dev lo  proto kernel  metric 256  error -101
affe::7a69:3776:dc31:dad2 via fe80::7a69:3776:dc31:dad2 dev lowpan0  src affe::1ac0:ffee:1ac0:ffee  metric 1024 
affe::7a6f:1375:3106:81e6 via fe80::7a6f:1375:3106:81e6 dev lowpan0  src affe::1ac0:ffee:1ac0:ffee  metric 1024 
affe::7a6f:3748:e6fe:8c2e via fe80::7a6f:3748:e6fe:8c2e dev lowpan0  src affe::1ac0:ffee:1ac0:ffee  metric 1024 
affe::7a6f:3b4b:4bab:3902 via fe80::7a6f:3b4b:4bab:3902 dev lowpan0  src affe::1ac0:ffee:1ac0:ffee  metric 1024 
affe::/64 dev lowpan0  proto kernel  metric 256 
unreachable affe::/64 dev lo  metric 1024  error -113
fd59:caf2:e8c8::/64 dev wlan0  proto kernel  metric 304  mtu 1500
fe80::/64 dev lowpan0  proto kernel  metric 256 
fe80::/64 dev wlan0  proto kernel  metric 256 
picking if_index [5]
  processing dao(30) [32/[::1500:0:1160:ed00:1500:0]: daoseq:240,dao-ack]
RTNETLINK answers: File exists
unreachable affe::1ac0:ffee:1ac0:ffee dev lo  proto kernel  metric 256  error -101
affe::7a69:3776:dc31:dad2 via fe80::7a69:3776:dc31:dad2 dev lowpan0  src affe::1ac0:ffee:1ac0:ffee  metric 1024 
affe::7a6f:1375:3106:81e6 via fe80::7a6f:1375:3106:81e6 dev lowpan0  src affe::1ac0:ffee:1ac0:ffee  metric 1024 
affe::7a6f:3748:e6fe:8c2e via fe80::7a6f:3748:e6fe:8c2e dev lowpan0  src affe::1ac0:ffee:1ac0:ffee  metric 1024 
affe::7a6f:3b4b:4bab:3902 via fe80::7a6f:3b4b:4bab:3902 dev lowpan0  src affe::1ac0:ffee:1ac0:ffee  metric 1024 
affe::/64 dev lowpan0  proto kernel  metric 256 
unreachable affe::/64 dev lo  metric 1024  error -113
fd59:caf2:e8c8::/64 dev wlan0  proto kernel  metric 304  mtu 1500
fe80::/64 dev lowpan0  proto kernel  metric 256 
fe80::/64 dev wlan0  proto kernel  metric 256 
picking if_index [5]
  processing dao(30) [32/[::1500:0:1160:ed00:1500:0]: daoseq:240,dao-ack]
RTNETLINK answers: File exists
unreachable affe::1ac0:ffee:1ac0:ffee dev lo  proto kernel  metric 256  error -101
affe::7a69:3776:dc31:dad2 via fe80::7a69:3776:dc31:dad2 dev lowpan0  src affe::1ac0:ffee:1ac0:ffee  metric 1024 
affe::7a6f:1375:3106:81e6 via fe80::7a6f:1375:3106:81e6 dev lowpan0  src affe::1ac0:ffee:1ac0:ffee  metric 1024 
affe::7a6f:3748:e6fe:8c2e via fe80::7a6f:3748:e6fe:8c2e dev lowpan0  src affe::1ac0:ffee:1ac0:ffee  metric 1024 
affe::7a6f:3b4b:4bab:3902 via fe80::7a6f:3b4b:4bab:3902 dev lowpan0  src affe::1ac0:ffee:1ac0:ffee  metric 1024 
affe::/64 dev lowpan0  proto kernel  metric 256 
unreachable affe::/64 dev lo  metric 1024  error -113
fd59:caf2:e8c8::/64 dev wlan0  proto kernel  metric 304  mtu 1500
fe80::/64 dev lowpan0  proto kernel  metric 256 
fe80::/64 dev wlan0  proto kernel  metric 256 
picking if_index [5]
  processing dao(30) [32/[::1500:0:1160:ed00:1500:0]: daoseq:240,dao-ack]
RTNETLINK answers: File exists
unreachable affe::1ac0:ffee:1ac0:ffee dev lo  proto kernel  metric 256  error -101
affe::7a69:3776:dc31:dad2 via fe80::7a69:3776:dc31:dad2 dev lowpan0  src affe::1ac0:ffee:1ac0:ffee  metric 1024 
affe::7a6f:1375:3106:81e6 via fe80::7a6f:1375:3106:81e6 dev lowpan0  src affe::1ac0:ffee:1ac0:ffee  metric 1024 
affe::7a6f:3748:e6fe:8c2e via fe80::7a6f:3748:e6fe:8c2e dev lowpan0  src affe::1ac0:ffee:1ac0:ffee  metric 1024 
affe::7a6f:3b4b:4bab:3902 via fe80::7a6f:3b4b:4bab:3902 dev lowpan0  src affe::1ac0:ffee:1ac0:ffee  metric 1024 
affe::/64 dev lowpan0  proto kernel  metric 256 
unreachable affe::/64 dev lo  metric 1024  error -113
fd59:caf2:e8c8::/64 dev wlan0  proto kernel  metric 304  mtu 1500
fe80::/64 dev lowpan0  proto kernel  metric 256 
fe80::/64 dev wlan0  proto kernel  metric 256 
picking if_index [5]
  processing dao(30) [32/[::1500:0:1160:ed00:1500:0]: daoseq:240,dao-ack]
RTNETLINK answers: File exists
unreachable affe::1ac0:ffee:1ac0:ffee dev lo  proto kernel  metric 256  error -101
affe::7a69:3776:dc31:dad2 via fe80::7a69:3776:dc31:dad2 dev lowpan0  src affe::1ac0:ffee:1ac0:ffee  metric 1024 
affe::7a6f:1375:3106:81e6 via fe80::7a6f:1375:3106:81e6 dev lowpan0  src affe::1ac0:ffee:1ac0:ffee  metric 1024 
affe::7a6f:3748:e6fe:8c2e via fe80::7a6f:3748:e6fe:8c2e dev lowpan0  src affe::1ac0:ffee:1ac0:ffee  metric 1024 
affe::7a6f:3b4b:4bab:3902 via fe80::7a6f:3b4b:4bab:3902 dev lowpan0  src affe::1ac0:ffee:1ac0:ffee  metric 1024 
affe::/64 dev lowpan0  proto kernel  metric 256 
unreachable affe::/64 dev lo  metric 1024  error -113
fd59:caf2:e8c8::/64 dev wlan0  proto kernel  metric 304  mtu 1500
fe80::/64 dev lowpan0  proto kernel  metric 256 
fe80::/64 dev wlan0  proto kernel  metric 256 
picking if_index [5]
  processing dao(30) [32/[::1500:0:1160:ed00:1500:0]: daoseq:240,dao-ack]
RTNETLINK answers: File exists
unreachable affe::1ac0:ffee:1ac0:ffee dev lo  proto kernel  metric 256  error -101
affe::7a69:3776:dc31:dad2 via fe80::7a69:3776:dc31:dad2 dev lowpan0  src affe::1ac0:ffee:1ac0:ffee  metric 1024 
affe::7a6f:1375:3106:81e6 via fe80::7a6f:1375:3106:81e6 dev lowpan0  src affe::1ac0:ffee:1ac0:ffee  metric 1024 
affe::7a6f:3748:e6fe:8c2e via fe80::7a6f:3748:e6fe:8c2e dev lowpan0  src affe::1ac0:ffee:1ac0:ffee  metric 1024 
affe::7a6f:3b4b:4bab:3902 via fe80::7a6f:3b4b:4bab:3902 dev lowpan0  src affe::1ac0:ffee:1ac0:ffee  metric 1024 
affe::/64 dev lowpan0  proto kernel  metric 256 
unreachable affe::/64 dev lo  metric 1024  error -113
fd59:caf2:e8c8::/64 dev wlan0  proto kernel  metric 304  mtu 1500
fe80::/64 dev lowpan0  proto kernel  metric 256 
fe80::/64 dev wlan0  proto kernel  metric 256 
picking if_index [5]
  processing dao(30) [32/[::1500:0:1160:ed00:1500:0]: daoseq:240,dao-ack]
RTNETLINK answers: File exists
unreachable affe::1ac0:ffee:1ac0:ffee dev lo  proto kernel  metric 256  error -101
affe::7a69:3776:dc31:dad2 via fe80::7a69:3776:dc31:dad2 dev lowpan0  src affe::1ac0:ffee:1ac0:ffee  metric 1024 
affe::7a6f:1375:3106:81e6 via fe80::7a6f:1375:3106:81e6 dev lowpan0  src affe::1ac0:ffee:1ac0:ffee  metric 1024 
affe::7a6f:3748:e6fe:8c2e via fe80::7a6f:3748:e6fe:8c2e dev lowpan0  src affe::1ac0:ffee:1ac0:ffee  metric 1024 
affe::7a6f:3b4b:4bab:3902 via fe80::7a6f:3b4b:4bab:3902 dev lowpan0  src affe::1ac0:ffee:1ac0:ffee  metric 1024 
affe::/64 dev lowpan0  proto kernel  metric 256 
unreachable affe::/64 dev lo  metric 1024  error -113
fd59:caf2:e8c8::/64 dev wlan0  proto kernel  metric 304  mtu 1500
fe80::/64 dev lowpan0  proto kernel  metric 256 
fe80::/64 dev wlan0  proto kernel  metric 256 
picking if_index [5]
  processing dao(30) [32/[::1500:0:1160:ed00:1500:0]: daoseq:240,dao-ack]
RTNETLINK answers: File exists
unreachable affe::1ac0:ffee:1ac0:ffee dev lo  proto kernel  metric 256  error -101
affe::7a69:3776:dc31:dad2 via fe80::7a69:3776:dc31:dad2 dev lowpan0  src affe::1ac0:ffee:1ac0:ffee  metric 1024 
affe::7a6f:1375:3106:81e6 via fe80::7a6f:1375:3106:81e6 dev lowpan0  src affe::1ac0:ffee:1ac0:ffee  metric 1024 
affe::7a6f:3748:e6fe:8c2e via fe80::7a6f:3748:e6fe:8c2e dev lowpan0  src affe::1ac0:ffee:1ac0:ffee  metric 1024 
affe::7a6f:3b4b:4bab:3902 via fe80::7a6f:3b4b:4bab:3902 dev lowpan0  src affe::1ac0:ffee:1ac0:ffee  metric 1024 
affe::/64 dev lowpan0  proto kernel  metric 256 
unreachable affe::/64 dev lo  metric 1024  error -113
fd59:caf2:e8c8::/64 dev wlan0  proto kernel  metric 304  mtu 1500
fe80::/64 dev lowpan0  proto kernel  metric 256 
fe80::/64 dev wlan0  proto kernel  metric 256 
picking if_index [5]
  processing dao(30) [32/[::1500:0:1160:ed00:1500:0]: daoseq:240,dao-ack]
RTNETLINK answers: File exists
unreachable affe::1ac0:ffee:1ac0:ffee dev lo  proto kernel  metric 256  error -101
affe::7a69:3776:dc31:dad2 via fe80::7a69:3776:dc31:dad2 dev lowpan0  src affe::1ac0:ffee:1ac0:ffee  metric 1024 
affe::7a6f:1375:3106:81e6 via fe80::7a6f:1375:3106:81e6 dev lowpan0  src affe::1ac0:ffee:1ac0:ffee  metric 1024 
affe::7a6f:3748:e6fe:8c2e via fe80::7a6f:3748:e6fe:8c2e dev lowpan0  src affe::1ac0:ffee:1ac0:ffee  metric 1024 
affe::7a6f:3b4b:4bab:3902 via fe80::7a6f:3b4b:4bab:3902 dev lowpan0  src affe::1ac0:ffee:1ac0:ffee  metric 1024 
affe::/64 dev lowpan0  proto kernel  metric 256 
unreachable affe::/64 dev lo  metric 1024  error -113
fd59:caf2:e8c8::/64 dev wlan0  proto kernel  metric 304  mtu 1500
fe80::/64 dev lowpan0  proto kernel  metric 256 
fe80::/64 dev wlan0  proto kernel  metric 256 
picking if_index [5]
  processing NS(56)
  sending NA to: fe80::7a6f:3b4b:4bab:3902
picking if_index [5]
  processing NS(56)
  sending NA to: fe80::7a69:3776:dc31:dad2
picking if_index [5]
  processing dao(30) [32/[::1500:0:1160:ed00:1500:0]: daoseq:240,dao-ack]
RTNETLINK answers: File exists
unreachable affe::1ac0:ffee:1ac0:ffee dev lo  proto kernel  metric 256  error -101
affe::7a69:3776:dc31:dad2 via fe80::7a69:3776:dc31:dad2 dev lowpan0  src affe::1ac0:ffee:1ac0:ffee  metric 1024 
affe::7a6f:1375:3106:81e6 via fe80::7a6f:1375:3106:81e6 dev lowpan0  src affe::1ac0:ffee:1ac0:ffee  metric 1024 
affe::7a6f:3748:e6fe:8c2e via fe80::7a6f:3748:e6fe:8c2e dev lowpan0  src affe::1ac0:ffee:1ac0:ffee  metric 1024 
affe::7a6f:3b4b:4bab:3902 via fe80::7a6f:3b4b:4bab:3902 dev lowpan0  src affe::1ac0:ffee:1ac0:ffee  metric 1024 
affe::/64 dev lowpan0  proto kernel  metric 256 
unreachable affe::/64 dev lo  metric 1024  error -113
fd59:caf2:e8c8::/64 dev wlan0  proto kernel  metric 304  mtu 1500
fe80::/64 dev lowpan0  proto kernel  metric 256 
fe80::/64 dev wlan0  proto kernel  metric 256 
picking if_index [5]
  processing dao(30) [32/[::1500:0:1160:ed00:1500:0]: daoseq:240,dao-ack]
RTNETLINK answers: File exists
unreachable affe::1ac0:ffee:1ac0:ffee dev lo  proto kernel  metric 256  error -101
affe::7a69:3776:dc31:dad2 via fe80::7a69:3776:dc31:dad2 dev lowpan0  src affe::1ac0:ffee:1ac0:ffee  metric 1024 
affe::7a6f:1375:3106:81e6 via fe80::7a6f:1375:3106:81e6 dev lowpan0  src affe::1ac0:ffee:1ac0:ffee  metric 1024 
affe::7a6f:3748:e6fe:8c2e via fe80::7a6f:3748:e6fe:8c2e dev lowpan0  src affe::1ac0:ffee:1ac0:ffee  metric 1024 
affe::7a6f:3b4b:4bab:3902 via fe80::7a6f:3b4b:4bab:3902 dev lowpan0  src affe::1ac0:ffee:1ac0:ffee  metric 1024 
affe::/64 dev lowpan0  proto kernel  metric 256 
unreachable affe::/64 dev lo  metric 1024  error -113
fd59:caf2:e8c8::/64 dev wlan0  proto kernel  metric 304  mtu 1500
fe80::/64 dev lowpan0  proto kernel  metric 256 
fe80::/64 dev wlan0  proto kernel  metric 256 
picking if_index [5]
Got router solicitation from `í with 16 bytes of options
picking if_index [5]
  processing dao(30) [32/[::1500:0:1160:ed00:1500:0]: daoseq:240,dao-ack]
RTNETLINK answers: File exists
unreachable affe::1ac0:ffee:1ac0:ffee dev lo  proto kernel  metric 256  error -101
affe::7a69:3776:dc31:dad2 via fe80::7a69:3776:dc31:dad2 dev lowpan0  src affe::1ac0:ffee:1ac0:ffee  metric 1024 
affe::7a6f:1375:3106:81e6 via fe80::7a6f:1375:3106:81e6 dev lowpan0  src affe::1ac0:ffee:1ac0:ffee  metric 1024 
affe::7a6f:3748:e6fe:8c2e via fe80::7a6f:3748:e6fe:8c2e dev lowpan0  src affe::1ac0:ffee:1ac0:ffee  metric 1024 
affe::7a6f:3b4b:4bab:3902 via fe80::7a6f:3b4b:4bab:3902 dev lowpan0  src affe::1ac0:ffee:1ac0:ffee  metric 1024 
affe::/64 dev lowpan0  proto kernel  metric 256 
unreachable affe::/64 dev lo  metric 1024  error -113
fd59:caf2:e8c8::/64 dev wlan0  proto kernel  metric 304  mtu 1500
fe80::/64 dev lowpan0  proto kernel  metric 256 
fe80::/64 dev wlan0  proto kernel  metric 256 
picking if_index [5]
picking if_index [5]
Got router solicitation from `í with 16 bytes of options
picking if_index [5]
  processing dao(30) [32/[::1500:0:1160:ed00:1500:0]: daoseq:240,dao-ack]
RTNETLINK answers: File exists
unreachable affe::1ac0:ffee:1ac0:ffee dev lo  proto kernel  metric 256  error -101
affe::7a69:3776:dc31:dad2 via fe80::7a69:3776:dc31:dad2 dev lowpan0  src affe::1ac0:ffee:1ac0:ffee  metric 1024 
affe::7a6f:1375:3106:81e6 via fe80::7a6f:1375:3106:81e6 dev lowpan0  src affe::1ac0:ffee:1ac0:ffee  metric 1024 
affe::7a6f:3748:e6fe:8c2e via fe80::7a6f:3748:e6fe:8c2e dev lowpan0  src affe::1ac0:ffee:1ac0:ffee  metric 1024 
affe::7a6f:3b4b:4bab:3902 via fe80::7a6f:3b4b:4bab:3902 dev lowpan0  src affe::1ac0:ffee:1ac0:ffee  metric 1024 
affe::/64 dev lowpan0  proto kernel  metric 256 
unreachable affe::/64 dev lo  metric 1024  error -113
fd59:caf2:e8c8::/64 dev wlan0  proto kernel  metric 304  mtu 1500
fe80::/64 dev lowpan0  proto kernel  metric 256 
fe80::/64 dev wlan0  proto kernel  metric 256 
picking if_index [5]
Got router solicitation from `í with 16 bytes of options
picking if_index [5]
Got router solicitation from `í with 16 bytes of options
picking if_index [5]
  processing NS(56)
  sending NA to: fe80::7a6f:3b4b:4bab:3902
picking if_index [5]
  processing NS(56)
  sending NA to: fe80::7a6f:3b4b:4bab:3902
picking if_index [5]
  processing NS(56)
  sending NA to: fe80::7a69:3776:dc31:dad2
picking if_index [5]
  processing NS(56)
  sending NA to: fe80::7a69:3776:dc31:dad2
picking if_index [5]
  processing NS(56)
  sending NA to: fe80::7a69:3776:dc31:dad2
